2025-02-28 14:42:22 - c.s.e.EmployeepayrollappApplication - Starting EmployeepayrollappApplication using Java 23.0.1 with PID 18756 (C:\Users\kanis\Desktop\CGTraining\employeepayrollapp\target\classes started by kanis in C:\Users\kanis\Desktop\CGTraining\employeepayrollapp)
2025-02-28 14:42:22 - c.s.e.EmployeepayrollappApplication - Running with Spring Boot v3.4.3, Spring v6.2.3
2025-02-28 14:42:22 - c.s.e.EmployeepayrollappApplication - No active profile set, falling back to 1 default profile: "default"
2025-02-28 14:42:22 - o.s.b.d.e.DevToolsPropertyDefaultsPostProcessor - Devtools property defaults active! Set 'spring.devtools.add-properties' to 'false' to disable
2025-02-28 14:42:22 - o.s.b.d.e.DevToolsPropertyDefaultsPostProcessor - For additional web related logging consider setting the 'logging.level.web' property to 'DEBUG'
2025-02-28 14:42:24 - o.s.d.r.c.RepositoryConfigurationDelegate - Bootstrapping Spring Data JPA repositories in DEFAULT mode.
2025-02-28 14:42:25 - o.s.d.r.c.RepositoryConfigurationDelegate - Finished Spring Data repository scanning in 86 ms. Found 1 JPA repository interface.
2025-02-28 14:42:26 - o.s.b.w.e.tomcat.TomcatWebServer - Tomcat initialized with port 8080 (http)
2025-02-28 14:42:26 - o.a.catalina.core.StandardService - Starting service [Tomcat]
2025-02-28 14:42:26 - o.a.catalina.core.StandardEngine - Starting Servlet engine: [Apache Tomcat/10.1.36]
2025-02-28 14:42:26 - o.a.c.c.C.[Tomcat].[localhost].[/] - Initializing Spring embedded WebApplicationContext
2025-02-28 14:42:26 - o.s.b.w.s.c.ServletWebServerApplicationContext - Root WebApplicationContext: initialization completed in 3733 ms
2025-02-28 14:42:27 - o.h.jpa.internal.util.LogHelper - HHH000204: Processing PersistenceUnitInfo [name: default]
2025-02-28 14:42:27 - org.hibernate.Version - HHH000412: Hibernate ORM core version 6.6.8.Final
2025-02-28 14:42:27 - o.h.c.i.RegionFactoryInitiator - HHH000026: Second-level cache disabled
2025-02-28 14:42:27 - o.s.o.j.p.SpringPersistenceUnitInfo - No LoadTimeWeaver setup: ignoring JPA class transformer
2025-02-28 14:42:27 - com.zaxxer.hikari.HikariDataSource - HikariPool-1 - Starting...
2025-02-28 14:42:28 - com.zaxxer.hikari.pool.HikariPool - HikariPool-1 - Added connection com.mysql.cj.jdbc.ConnectionImpl@fc03a38
2025-02-28 14:42:28 - com.zaxxer.hikari.HikariDataSource - HikariPool-1 - Start completed.
2025-02-28 14:42:28 - org.hibernate.orm.deprecation - HHH90000025: MySQL8Dialect does not need to be specified explicitly using 'hibernate.dialect' (remove the property setting and it will be selected by default)
2025-02-28 14:42:28 - org.hibernate.orm.deprecation - HHH90000026: MySQL8Dialect has been deprecated; use org.hibernate.dialect.MySQLDialect instead
2025-02-28 14:42:28 - o.hibernate.orm.connections.pooling - HHH10001005: Database info:
	Database JDBC URL [Connecting through datasource 'HikariDataSource (HikariPool-1)']
	Database driver: undefined/unknown
	Database version: 8.0
	Autocommit mode: undefined/unknown
	Isolation level: undefined/unknown
	Minimum pool size: undefined/unknown
	Maximum pool size: undefined/unknown
2025-02-28 14:42:29 - o.h.e.t.j.p.i.JtaPlatformInitiator - HHH000489: No JTA platform available (set 'hibernate.transaction.jta.platform' to enable JTA platform integration)
2025-02-28 14:42:29 - o.s.o.j.LocalContainerEntityManagerFactoryBean - Initialized JPA EntityManagerFactory for persistence unit 'default'
2025-02-28 14:42:30 - o.s.b.a.o.j.JpaBaseConfiguration$JpaWebConfiguration - spring.jpa.open-in-view is enabled by default. Therefore, database queries may be performed during view rendering. Explicitly configure spring.jpa.open-in-view to disable this warning
2025-02-28 14:42:31 - o.s.b.d.a.OptionalLiveReloadServer - LiveReload server is running on port 35729
2025-02-28 14:42:31 - o.s.b.w.e.tomcat.TomcatWebServer - Tomcat started on port 8080 (http) with context path '/'
2025-02-28 14:42:31 - c.s.e.EmployeepayrollappApplication - Started EmployeepayrollappApplication in 9.857 seconds (process running for 10.7)
2025-02-28 14:42:48 - o.a.c.c.C.[Tomcat].[localhost].[/] - Initializing Spring DispatcherServlet 'dispatcherServlet'
2025-02-28 14:42:48 - o.s.web.servlet.DispatcherServlet - Initializing Servlet 'dispatcherServlet'
2025-02-28 14:42:48 - o.s.web.servlet.DispatcherServlet - Completed initialization in 2 ms
2025-02-28 15:09:18 - o.s.b.w.e.tomcat.GracefulShutdown - Commencing graceful shutdown. Waiting for active requests to complete
2025-02-28 15:09:18 - o.s.b.w.e.tomcat.GracefulShutdown - Graceful shutdown complete
2025-02-28 15:09:18 - o.s.o.j.LocalContainerEntityManagerFactoryBean - Closing JPA EntityManagerFactory for persistence unit 'default'
2025-02-28 15:09:18 - com.zaxxer.hikari.HikariDataSource - HikariPool-1 - Shutdown initiated...
2025-02-28 15:09:18 - com.zaxxer.hikari.HikariDataSource - HikariPool-1 - Shutdown completed.
